This file contains any messages produced by compilers while
running configure, to aid debugging if configure makes a mistake.

It was created by configure, which was
generated by GNU Autoconf 2.59.  Invocation command line was

  $ ./configure 

## --------- ##
## Platform. ##
## --------- ##

hostname = dominion
uname -m = i686
uname -r = 2.6.8.1-3-386
uname -s = Linux
uname -v = #1 Tue Oct 12 12:41:57 BST 2004

/usr/bin/uname -p = unknown
/bin/uname -X     = unknown

/bin/arch              = i686
/usr/bin/arch -k       = unknown
/usr/convex/getsysinfo = unknown
hostinfo               = unknown
/bin/machine           = unknown
/usr/bin/oslevel       = unknown
/bin/universe          = unknown

PATH: /usr/local/bin
PATH: /usr/local/sbin
PATH: /sbin
PATH: /usr/sbin
PATH: /bin
PATH: /usr/bin
PATH: /usr/bin/X11
PATH: /usr/games


## ----------- ##
## Core tests. ##
## ----------- ##

configure:1542: checking for a BSD-compatible install
configure:1597: result: /usr/bin/install -c
configure:1608: checking whether build environment is sane
configure:1651: result: yes
configure:1666: checking whether make sets $(MAKE)
configure:1686: result: yes
configure:1718: checking for working aclocal-1.4
configure:1725: result: found
configure:1733: checking for working autoconf
configure:1740: result: found
configure:1748: checking for working automake-1.4
configure:1755: result: found
configure:1763: checking for working autoheader
configure:1770: result: found
configure:1778: checking for working makeinfo
configure:1785: result: found
configure:1846: checking for gcc
configure:1862: found /usr/bin/gcc
configure:1872: result: gcc
configure:2116: checking for C compiler version
configure:2119: gcc --version </dev/null >&5
gcc (GCC) 3.3.4 (Debian 1:3.3.4-9ubuntu5)
Copyright (C) 2003 Free Software Foundation, Inc.
This is free software; see the source for copying conditions.  There is NO
warranty; not even for MERCHANTABILITY or FITNESS FOR A PARTICULAR PURPOSE.

configure:2122: $? = 0
configure:2124: gcc -v </dev/null >&5
Reading specs from /usr/lib/gcc-lib/i486-linux/3.3.4/specs
Configured with: ../src/configure -v --enable-languages=c,c++,java,f77,pascal,objc,ada,treelang --prefix=/usr --mandir=/usr/share/man --infodir=/usr/share/info --with-gxx-include-dir=/usr/include/c++/3.3 --enable-shared --with-system-zlib --enable-nls --without-included-gettext --enable-__cxa_atexit --enable-clocale=gnu --enable-debug --enable-java-gc=boehm --enable-java-awt=xlib --enable-objc-gc i486-linux
Thread model: posix
gcc version 3.3.4 (Debian 1:3.3.4-9ubuntu5)
configure:2127: $? = 0
configure:2129: gcc -V </dev/null >&5
gcc: `-V' option must have argument
configure:2132: $? = 1
configure:2155: checking for C compiler default output file name
configure:2158: gcc    conftest.c  >&5
configure:2161: $? = 0
configure:2207: result: a.out
configure:2212: checking whether the C compiler works
configure:2218: ./a.out
configure:2221: $? = 0
configure:2238: result: yes
configure:2245: checking whether we are cross compiling
configure:2247: result: no
configure:2250: checking for suffix of executables
configure:2252: gcc -o conftest    conftest.c  >&5
configure:2255: $? = 0
configure:2280: result: 
configure:2286: checking for suffix of object files
configure:2307: gcc -c   conftest.c >&5
configure:2310: $? = 0
configure:2332: result: o
configure:2336: checking whether we are using the GNU C compiler
configure:2360: gcc -c   conftest.c >&5
configure:2366: $? = 0
configure:2369: test -z 			 || test ! -s conftest.err
configure:2372: $? = 0
configure:2375: test -s conftest.o
configure:2378: $? = 0
configure:2391: result: yes
configure:2397: checking whether gcc accepts -g
configure:2418: gcc -c -g  conftest.c >&5
configure:2424: $? = 0
configure:2427: test -z 			 || test ! -s conftest.err
configure:2430: $? = 0
configure:2433: test -s conftest.o
configure:2436: $? = 0
configure:2447: result: yes
configure:2464: checking for gcc option to accept ANSI C
configure:2534: gcc  -c -g -O2  conftest.c >&5
configure:2540: $? = 0
configure:2543: test -z 			 || test ! -s conftest.err
configure:2546: $? = 0
configure:2549: test -s conftest.o
configure:2552: $? = 0
configure:2570: result: none needed
configure:2588: gcc -c -g -O2  conftest.c >&5
conftest.c:2: error: parse error before "me"
configure:2594: $? = 1
configure: failed program was:
| #ifndef __cplusplus
|   choke me
| #endif
configure:2726: checking for strerror in -lcposix
configure:2756: gcc -o conftest -g -O2   conftest.c -lcposix   >&5
/usr/bin/ld: cannot find -lcposix
collect2: ld returned 1 exit status
configure:2762: $? = 1
configure: failed program was:
| /* confdefs.h.  */
| 
| #define PACKAGE_NAME ""
| #define PACKAGE_TARNAME ""
| #define PACKAGE_VERSION ""
| #define PACKAGE_STRING ""
| #define PACKAGE_BUGREPORT ""
| #define PACKAGE "Yux"
| #define VERSION "0.1"
| /* end confdefs.h.  */
| 
| /* Override any gcc2 internal prototype to avoid an error.  */
| #ifdef __cplusplus
| extern "C"
| #endif
| /* We use char because int might match the return type of a gcc2
|    builtin and then its argument prototype would still apply.  */
| char strerror ();
| int
| main ()
| {
| strerror ();
|   ;
|   return 0;
| }
configure:2787: result: no
configure:2843: checking for gcc
configure:2869: result: gcc
configure:3113: checking for C compiler version
configure:3116: gcc --version </dev/null >&5
gcc (GCC) 3.3.4 (Debian 1:3.3.4-9ubuntu5)
Copyright (C) 2003 Free Software Foundation, Inc.
This is free software; see the source for copying conditions.  There is NO
warranty; not even for MERCHANTABILITY or FITNESS FOR A PARTICULAR PURPOSE.

configure:3119: $? = 0
configure:3121: gcc -v </dev/null >&5
Reading specs from /usr/lib/gcc-lib/i486-linux/3.3.4/specs
Configured with: ../src/configure -v --enable-languages=c,c++,java,f77,pascal,objc,ada,treelang --prefix=/usr --mandir=/usr/share/man --infodir=/usr/share/info --with-gxx-include-dir=/usr/include/c++/3.3 --enable-shared --with-system-zlib --enable-nls --without-included-gettext --enable-__cxa_atexit --enable-clocale=gnu --enable-debug --enable-java-gc=boehm --enable-java-awt=xlib --enable-objc-gc i486-linux
Thread model: posix
gcc version 3.3.4 (Debian 1:3.3.4-9ubuntu5)
configure:3124: $? = 0
configure:3126: gcc -V </dev/null >&5
gcc: `-V' option must have argument
configure:3129: $? = 1
configure:3132: checking whether we are using the GNU C compiler
configure:3187: result: yes
configure:3193: checking whether gcc accepts -g
configure:3243: result: yes
configure:3260: checking for gcc option to accept ANSI C
configure:3366: result: none needed
configure:3384: gcc -c   conftest.c >&5
conftest.c:2: error: parse error before "me"
configure:3390: $? = 1
configure: failed program was:
| #ifndef __cplusplus
|   choke me
| #endif
configure:3523: checking for gcc option to accept ANSI C
configure:3585: gcc  -c   conftest.c >&5
configure:3591: $? = 0
configure:3594: test -z 			 || test ! -s conftest.err
configure:3597: $? = 0
configure:3600: test -s conftest.o
configure:3603: $? = 0
configure:3618: result: none needed
configure:3634: checking how to run the C preprocessor
configure:3669: gcc -E  conftest.c
configure:3675: $? = 0
configure:3707: gcc -E  conftest.c
conftest.c:11:28: ac_nonexistent.h: No such file or directory
configure:3713: $? = 1
configure: failed program was:
| /* confdefs.h.  */
| 
| #define PACKAGE_NAME ""
| #define PACKAGE_TARNAME ""
| #define PACKAGE_VERSION ""
| #define PACKAGE_STRING ""
| #define PACKAGE_BUGREPORT ""
| #define PACKAGE "Yux"
| #define VERSION "0.1"
| /* end confdefs.h.  */
| #include <ac_nonexistent.h>
configure:3752: result: gcc -E
configure:3776: gcc -E  conftest.c
configure:3782: $? = 0
configure:3814: gcc -E  conftest.c
conftest.c:11:28: ac_nonexistent.h: No such file or directory
configure:3820: $? = 1
configure: failed program was:
| /* confdefs.h.  */
| 
| #define PACKAGE_NAME ""
| #define PACKAGE_TARNAME ""
| #define PACKAGE_VERSION ""
| #define PACKAGE_STRING ""
| #define PACKAGE_BUGREPORT ""
| #define PACKAGE "Yux"
| #define VERSION "0.1"
| /* end confdefs.h.  */
| #include <ac_nonexistent.h>
configure:3864: checking for egrep
configure:3874: result: grep -E
configure:3879: checking for ANSI C header files
configure:3904: gcc -c   conftest.c >&5
configure:3910: $? = 0
configure:3913: test -z 			 || test ! -s conftest.err
configure:3916: $? = 0
configure:3919: test -s conftest.o
configure:3922: $? = 0
configure:4008: gcc -o conftest    conftest.c  >&5
configure:4011: $? = 0
configure:4013: ./conftest
configure:4016: $? = 0
configure:4031: result: yes
configure:4119: checking build system type
configure:4137: result: i686-pc-linux-gnu
configure:4145: checking host system type
configure:4159: result: i686-pc-linux-gnu
configure:4167: checking for a sed that does not truncate output
configure:4221: result: /bin/sed
configure:4235: checking for ld used by gcc
configure:4302: result: /usr/bin/ld
configure:4311: checking if the linker (/usr/bin/ld) is GNU ld
configure:4326: result: yes
configure:4331: checking for /usr/bin/ld option to reload object files
configure:4338: result: -r
configure:4347: checking for BSD-compatible nm
configure:4389: result: /usr/bin/nm -B
configure:4393: checking whether ln -s works
configure:4397: result: yes
configure:4404: checking how to recognise dependent libraries
configure:4578: result: pass_all
configure:4799: checking for sys/types.h
configure:4815: gcc -c   conftest.c >&5
configure:4821: $? = 0
configure:4824: test -z 			 || test ! -s conftest.err
configure:4827: $? = 0
configure:4830: test -s conftest.o
configure:4833: $? = 0
configure:4844: result: yes
configure:4799: checking for sys/stat.h
configure:4815: gcc -c   conftest.c >&5
configure:4821: $? = 0
configure:4824: test -z 			 || test ! -s conftest.err
configure:4827: $? = 0
configure:4830: test -s conftest.o
configure:4833: $? = 0
configure:4844: result: yes
configure:4799: checking for stdlib.h
configure:4815: gcc -c   conftest.c >&5
configure:4821: $? = 0
configure:4824: test -z 			 || test ! -s conftest.err
configure:4827: $? = 0
configure:4830: test -s conftest.o
configure:4833: $? = 0
configure:4844: result: yes
configure:4799: checking for string.h
configure:4815: gcc -c   conftest.c >&5
configure:4821: $? = 0
configure:4824: test -z 			 || test ! -s conftest.err
configure:4827: $? = 0
configure:4830: test -s conftest.o
configure:4833: $? = 0
configure:4844: result: yes
configure:4799: checking for memory.h
configure:4815: gcc -c   conftest.c >&5
configure:4821: $? = 0
configure:4824: test -z 			 || test ! -s conftest.err
configure:4827: $? = 0
configure:4830: test -s conftest.o
configure:4833: $? = 0
configure:4844: result: yes
configure:4799: checking for strings.h
configure:4815: gcc -c   conftest.c >&5
configure:4821: $? = 0
configure:4824: test -z 			 || test ! -s conftest.err
configure:4827: $? = 0
configure:4830: test -s conftest.o
configure:4833: $? = 0
configure:4844: result: yes
configure:4799: checking for inttypes.h
configure:4815: gcc -c   conftest.c >&5
configure:4821: $? = 0
configure:4824: test -z 			 || test ! -s conftest.err
configure:4827: $? = 0
configure:4830: test -s conftest.o
configure:4833: $? = 0
configure:4844: result: yes
configure:4799: checking for stdint.h
configure:4815: gcc -c   conftest.c >&5
configure:4821: $? = 0
configure:4824: test -z 			 || test ! -s conftest.err
configure:4827: $? = 0
configure:4830: test -s conftest.o
configure:4833: $? = 0
configure:4844: result: yes
configure:4799: checking for unistd.h
configure:4815: gcc -c   conftest.c >&5
configure:4821: $? = 0
configure:4824: test -z 			 || test ! -s conftest.err
configure:4827: $? = 0
configure:4830: test -s conftest.o
configure:4833: $? = 0
configure:4844: result: yes
configure:4870: checking dlfcn.h usability
configure:4882: gcc -c   conftest.c >&5
configure:4888: $? = 0
configure:4891: test -z 			 || test ! -s conftest.err
configure:4894: $? = 0
configure:4897: test -s conftest.o
configure:4900: $? = 0
configure:4910: result: yes
configure:4914: checking dlfcn.h presence
configure:4924: gcc -E  conftest.c
configure:4930: $? = 0
configure:4950: result: yes
configure:4985: checking for dlfcn.h
configure:4992: result: yes
configure:5057: checking for g++
configure:5073: found /usr/bin/g++
configure:5083: result: g++
configure:5099: checking for C++ compiler version
configure:5102: g++ --version </dev/null >&5
g++ (GCC) 3.3.4 (Debian 1:3.3.4-9ubuntu5)
Copyright (C) 2003 Free Software Foundation, Inc.
This is free software; see the source for copying conditions.  There is NO
warranty; not even for MERCHANTABILITY or FITNESS FOR A PARTICULAR PURPOSE.

configure:5105: $? = 0
configure:5107: g++ -v </dev/null >&5
Reading specs from /usr/lib/gcc-lib/i486-linux/3.3.4/specs
Configured with: ../src/configure -v --enable-languages=c,c++,java,f77,pascal,objc,ada,treelang --prefix=/usr --mandir=/usr/share/man --infodir=/usr/share/info --with-gxx-include-dir=/usr/include/c++/3.3 --enable-shared --with-system-zlib --enable-nls --without-included-gettext --enable-__cxa_atexit --enable-clocale=gnu --enable-debug --enable-java-gc=boehm --enable-java-awt=xlib --enable-objc-gc i486-linux
Thread model: posix
gcc version 3.3.4 (Debian 1:3.3.4-9ubuntu5)
configure:5110: $? = 0
configure:5112: g++ -V </dev/null >&5
g++: `-V' option must have argument
configure:5115: $? = 1
configure:5118: checking whether we are using the GNU C++ compiler
configure:5142: g++ -c   conftest.cc >&5
configure:5148: $? = 0
configure:5151: test -z 			 || test ! -s conftest.err
configure:5154: $? = 0
configure:5157: test -s conftest.o
configure:5160: $? = 0
configure:5173: result: yes
configure:5179: checking whether g++ accepts -g
configure:5200: g++ -c -g  conftest.cc >&5
configure:5206: $? = 0
configure:5209: test -z 			 || test ! -s conftest.err
configure:5212: $? = 0
configure:5215: test -s conftest.o
configure:5218: $? = 0
configure:5229: result: yes
configure:5271: g++ -c -g -O2  conftest.cc >&5
configure:5277: $? = 0
configure:5280: test -z 			 || test ! -s conftest.err
configure:5283: $? = 0
configure:5286: test -s conftest.o
configure:5289: $? = 0
configure:5315: g++ -c -g -O2  conftest.cc >&5
conftest.cc: In function `int main()':
conftest.cc:26: error: `exit' undeclared (first use this function)
conftest.cc:26: error: (Each undeclared identifier is reported only once for 
   each function it appears in.)
configure:5321: $? = 1
configure: failed program was:
| /* confdefs.h.  */
| 
| #define PACKAGE_NAME ""
| #define PACKAGE_TARNAME ""
| #define PACKAGE_VERSION ""
| #define PACKAGE_STRING ""
| #define PACKAGE_BUGREPORT ""
| #define PACKAGE "Yux"
| #define VERSION "0.1"
| #define STDC_HEADERS 1
| #define HAVE_SYS_TYPES_H 1
| #define HAVE_SYS_STAT_H 1
| #define HAVE_STDLIB_H 1
| #define HAVE_STRING_H 1
| #define HAVE_MEMORY_H 1
| #define HAVE_STRINGS_H 1
| #define HAVE_INTTYPES_H 1
| #define HAVE_STDINT_H 1
| #define HAVE_UNISTD_H 1
| #define HAVE_DLFCN_H 1
| /* end confdefs.h.  */
| 
| int
| main ()
| {
| exit (42);
|   ;
|   return 0;
| }
configure:5271: g++ -c -g -O2  conftest.cc >&5
configure:5277: $? = 0
configure:5280: test -z 			 || test ! -s conftest.err
configure:5283: $? = 0
configure:5286: test -s conftest.o
configure:5289: $? = 0
configure:5315: g++ -c -g -O2  conftest.cc >&5
configure:5321: $? = 0
configure:5324: test -z 			 || test ! -s conftest.err
configure:5327: $? = 0
configure:5330: test -s conftest.o
configure:5333: $? = 0
configure:5361: checking how to run the C++ preprocessor
configure:5392: g++ -E  conftest.cc
configure:5398: $? = 0
configure:5430: g++ -E  conftest.cc
conftest.cc:25:28: ac_nonexistent.h: No such file or directory
configure:5436: $? = 1
configure: failed program was:
| /* confdefs.h.  */
| 
| #define PACKAGE_NAME ""
| #define PACKAGE_TARNAME ""
| #define PACKAGE_VERSION ""
| #define PACKAGE_STRING ""
| #define PACKAGE_BUGREPORT ""
| #define PACKAGE "Yux"
| #define VERSION "0.1"
| #define STDC_HEADERS 1
| #define HAVE_SYS_TYPES_H 1
| #define HAVE_SYS_STAT_H 1
| #define HAVE_STDLIB_H 1
| #define HAVE_STRING_H 1
| #define HAVE_MEMORY_H 1
| #define HAVE_STRINGS_H 1
| #define HAVE_INTTYPES_H 1
| #define HAVE_STDINT_H 1
| #define HAVE_UNISTD_H 1
| #define HAVE_DLFCN_H 1
| #ifdef __cplusplus
| extern "C" void std::exit (int) throw (); using std::exit;
| #endif
| /* end confdefs.h.  */
| #include <ac_nonexistent.h>
configure:5475: result: g++ -E
configure:5499: g++ -E  conftest.cc
configure:5505: $? = 0
configure:5537: g++ -E  conftest.cc
conftest.cc:25:28: ac_nonexistent.h: No such file or directory
configure:5543: $? = 1
configure: failed program was:
| /* confdefs.h.  */
| 
| #define PACKAGE_NAME ""
| #define PACKAGE_TARNAME ""
| #define PACKAGE_VERSION ""
| #define PACKAGE_STRING ""
| #define PACKAGE_BUGREPORT ""
| #define PACKAGE "Yux"
| #define VERSION "0.1"
| #define STDC_HEADERS 1
| #define HAVE_SYS_TYPES_H 1
| #define HAVE_SYS_STAT_H 1
| #define HAVE_STDLIB_H 1
| #define HAVE_STRING_H 1
| #define HAVE_MEMORY_H 1
| #define HAVE_STRINGS_H 1
| #define HAVE_INTTYPES_H 1
| #define HAVE_STDINT_H 1
| #define HAVE_UNISTD_H 1
| #define HAVE_DLFCN_H 1
| #ifdef __cplusplus
| extern "C" void std::exit (int) throw (); using std::exit;
| #endif
| /* end confdefs.h.  */
| #include <ac_nonexistent.h>
configure:5638: checking for g77
configure:5667: result: no
configure:5638: checking for f77
configure:5667: result: no
configure:5638: checking for xlf
configure:5667: result: no
configure:5638: checking for frt
configure:5667: result: no
configure:5638: checking for pgf77
configure:5667: result: no
configure:5638: checking for fort77
configure:5667: result: no
configure:5638: checking for fl32
configure:5667: result: no
configure:5638: checking for af77
configure:5667: result: no
configure:5638: checking for f90
configure:5667: result: no
configure:5638: checking for xlf90
configure:5667: result: no
configure:5638: checking for pgf90
configure:5667: result: no
configure:5638: checking for epcf90
configure:5667: result: no
configure:5638: checking for f95
configure:5667: result: no
configure:5638: checking for fort
configure:5667: result: no
configure:5638: checking for xlf95
configure:5667: result: no
configure:5638: checking for ifc
configure:5667: result: no
configure:5638: checking for efc
configure:5667: result: no
configure:5638: checking for pgf95
configure:5667: result: no
configure:5638: checking for lf95
configure:5667: result: no
configure:5638: checking for gfortran
configure:5667: result: no
configure:5682: checking for Fortran 77 compiler version
configure:5682:  --version </dev/null >&5
./configure: line 1: --version: command not found
configure:5685: $? = 127
configure:5687:  -v </dev/null >&5
./configure: line 1: -v: command not found
configure:5690: $? = 127
configure:5692:  -V </dev/null >&5
./configure: line 1: -V: command not found
configure:5695: $? = 127
configure:5703: checking whether we are using the GNU Fortran 77 compiler
configure:5717:  -c  conftest.F >&5
./configure: line 1: -c: command not found
configure:5723: $? = 127
configure: failed program was:
|       program main
| #ifndef __GNUC__
|        choke me
| #endif
| 
|       end
configure:5748: result: no
configure:5754: checking whether  accepts -g
configure:5766:  -c -g conftest.f >&5
./configure: line 1: -c: command not found
configure:5772: $? = 127
configure: failed program was:
|       program main
| 
|       end
configure:5796: result: no
configure:5826: checking the maximum length of command line arguments
configure:5891: result: 32768
configure:5902: checking command to parse /usr/bin/nm -B output from gcc object
configure:5991: gcc -c   conftest.c >&5
configure:5994: $? = 0
configure:5998: /usr/bin/nm -B conftest.o \| sed -n -e 's/^.*[ 	]\([ABCDGIRSTW][ABCDGIRSTW]*\)[ 	][ 	]*\(\)\([_A-Za-z][_A-Za-z0-9]*\)$/\1 \2\3 \3/p' \> conftest.nm
configure:6001: $? = 0
configure:6053: gcc -o conftest    conftest.c conftstm.o >&5
configure:6056: $? = 0
configure:6094: result: ok
configure:6098: checking for objdir
configure:6113: result: .libs
configure:6203: checking for ar
configure:6219: found /usr/bin/ar
configure:6230: result: ar
configure:6283: checking for ranlib
configure:6299: found /usr/bin/ranlib
configure:6310: result: ranlib
configure:6363: checking for strip
configure:6379: found /usr/bin/strip
configure:6390: result: strip
configure:6652: checking if gcc static flag  works
configure:6675: result: yes
configure:6693: checking if gcc supports -fno-rtti -fno-exceptions
configure:6714: gcc -c   -fno-rtti -fno-exceptions conftest.c >&5
cc1: warning: "-fno-rtti" is valid for C++ but not for C/ObjC
configure:6718: $? = 0
configure:6726: result: no
configure:6741: checking for gcc option to produce PIC
configure:6918: result: -fPIC
configure:6926: checking if gcc PIC flag -fPIC works
configure:6947: gcc -c   -fPIC -DPIC conftest.c >&5
configure:6951: $? = 0
configure:6959: result: yes
configure:6983: checking if gcc supports -c -o file.o
configure:7007: gcc -c   -o out/conftest2.o conftest.c >&5
configure:7011: $? = 0
configure:7028: result: yes
configure:7054: checking whether the gcc linker (/usr/bin/ld) supports shared libraries
configure:7901: result: yes
configure:7927: checking whether -lc should be explicitly linked in
configure:7932: gcc -c   conftest.c >&5
configure:7935: $? = 0
configure:7949: gcc -shared conftest.o  -v -Wl,-soname -Wl,conftest -o conftest 2\>\&1 \| grep  -lc  \>/dev/null 2\>\&1
configure:7952: $? = 0
configure:7964: result: no
configure:7972: checking dynamic linker characteristics
configure:8524: result: GNU/Linux ld.so
configure:8528: checking how to hardcode library paths into programs
configure:8553: result: immediate
configure:8567: checking whether stripping libraries is possible
configure:8572: result: yes
configure:9395: checking if libtool supports shared libraries
configure:9397: result: yes
configure:9400: checking whether to build shared libraries
configure:9458: result: yes
configure:9461: checking whether to build static libraries
configure:9465: result: yes
configure:9557: creating libtool
configure:10104: checking for ld used by g++
configure:10171: result: /usr/bin/ld
configure:10180: checking if the linker (/usr/bin/ld) is GNU ld
configure:10195: result: yes
configure:10246: checking whether the g++ linker (/usr/bin/ld) supports shared libraries
configure:11072: result: yes
configure:11090: g++ -c -g -O2  conftest.cc >&5
configure:11093: $? = 0
configure:11189: checking for g++ option to produce PIC
configure:11441: result: -fPIC
configure:11449: checking if g++ PIC flag -fPIC works
configure:11470: g++ -c -g -O2  -fPIC -DPIC conftest.cc >&5
configure:11474: $? = 0
configure:11482: result: yes
configure:11506: checking if g++ supports -c -o file.o
configure:11530: g++ -c -g -O2  -o out/conftest2.o conftest.cc >&5
configure:11534: $? = 0
configure:11551: result: yes
configure:11577: checking whether the g++ linker (/usr/bin/ld) supports shared libraries
configure:11605: result: yes
configure:11676: checking dynamic linker characteristics
configure:12228: result: GNU/Linux ld.so
configure:12232: checking how to hardcode library paths into programs
configure:12257: result: immediate
configure:12271: checking whether stripping libraries is possible
configure:12276: result: yes
configure:19525: checking for pkg-config
configure:19543: found /usr/bin/pkg-config
configure:19556: result: /usr/bin/pkg-config
configure:19573: checking for gtk+-2.0 gdk-2.0
configure:19577: result: yes
configure:19581: checking GTK_CFLAGS
configure:19584: result: -DXTHREADS -I/usr/include/gtk-2.0 -I/usr/lib/gtk-2.0/include -I/usr/X11R6/include -I/usr/include/atk-1.0 -I/usr/include/pango-1.0 -I/usr/include/freetype2 -I/usr/include/glib-2.0 -I/usr/lib/glib-2.0/include  
configure:19587: checking GTK_LIBS
configure:19590: result: -Wl,--export-dynamic -lgtk-x11-2.0 -latk-1.0 -lgdk-x11-2.0 -lgdk_pixbuf-2.0 -lm -lpangoxft-1.0 -lpangox-1.0 -lpango-1.0 -lgobject-2.0 -lgmodule-2.0 -ldl -lglib-2.0  
configure:19641: checking whether NLS is requested
configure:19650: result: yes
configure:19688: checking for msgfmt
configure:19719: result: /usr/bin/msgfmt
configure:19728: checking for gmsgfmt
configure:19759: result: /usr/bin/msgfmt
configure:19798: checking for xgettext
configure:19829: result: /usr/bin/xgettext
configure:19869: checking for msgmerge
configure:19899: result: /usr/bin/msgmerge
configure:19975: checking for ranlib
configure:20002: result: ranlib
configure:20014: checking for an ANSI C-conforming const
configure:20081: gcc -c   conftest.c >&5
configure:20087: $? = 0
configure:20090: test -z 			 || test ! -s conftest.err
configure:20093: $? = 0
configure:20096: test -s conftest.o
configure:20099: $? = 0
configure:20110: result: yes
configure:20121: checking for signed
configure:20142: gcc -c   conftest.c >&5
configure:20148: $? = 0
configure:20151: test -z 			 || test ! -s conftest.err
configure:20154: $? = 0
configure:20157: test -s conftest.o
configure:20160: $? = 0
configure:20171: result: yes
configure:20181: checking for inline
configure:20202: gcc -c   conftest.c >&5
configure:20208: $? = 0
configure:20211: test -z 			 || test ! -s conftest.err
configure:20214: $? = 0
configure:20217: test -s conftest.o
configure:20220: $? = 0
configure:20232: result: inline
configure:20251: checking for off_t
configure:20275: gcc -c   conftest.c >&5
configure:20281: $? = 0
configure:20284: test -z 			 || test ! -s conftest.err
configure:20287: $? = 0
configure:20290: test -s conftest.o
configure:20293: $? = 0
configure:20304: result: yes
configure:20316: checking for size_t
configure:20340: gcc -c   conftest.c >&5
configure:20346: $? = 0
configure:20349: test -z 			 || test ! -s conftest.err
configure:20352: $? = 0
configure:20355: test -s conftest.o
configure:20358: $? = 0
configure:20369: result: yes
configure:20382: checking for long long
configure:20404: gcc -o conftest    conftest.c  >&5
configure:20410: $? = 0
configure:20413: test -z 			 || test ! -s conftest.err
configure:20416: $? = 0
configure:20419: test -s conftest
configure:20422: $? = 0
configure:20434: result: yes
configure:20445: checking for long double
configure:20504: result: yes
configure:20515: checking for wchar_t
configure:20537: gcc -c   conftest.c >&5
configure:20543: $? = 0
configure:20546: test -z 			 || test ! -s conftest.err
configure:20549: $? = 0
configure:20552: test -s conftest.o
configure:20555: $? = 0
configure:20566: result: yes
configure:20577: checking for wint_t
configure:20599: gcc -c   conftest.c >&5
configure:20605: $? = 0
configure:20608: test -z 			 || test ! -s conftest.err
configure:20611: $? = 0
configure:20614: test -s conftest.o
configure:20617: $? = 0
configure:20628: result: yes
configure:20639: checking for inttypes.h
configure:20661: gcc -c   conftest.c >&5
configure:20667: $? = 0
configure:20670: test -z 			 || test ! -s conftest.err
configure:20673: $? = 0
configure:20676: test -s conftest.o
configure:20679: $? = 0
configure:20690: result: yes
configure:20701: checking for stdint.h
configure:20723: gcc -c   conftest.c >&5
configure:20729: $? = 0
configure:20732: test -z 			 || test ! -s conftest.err
configure:20735: $? = 0
configure:20738: test -s conftest.o
configure:20741: $? = 0
configure:20752: result: yes
configure:20765: checking for intmax_t
configure:20795: gcc -c   conftest.c >&5
configure:20801: $? = 0
configure:20804: test -z 			 || test ! -s conftest.err
configure:20807: $? = 0
configure:20810: test -s conftest.o
configure:20813: $? = 0
configure:20824: result: yes
configure:20836: checking whether printf() supports POSIX/XSI format strings
configure:20886: gcc -o conftest    conftest.c  >&5
configure:20889: $? = 0
configure:20891: ./conftest
configure:20894: $? = 0
configure:20909: result: yes
configure:20923: checking for working alloca.h
configure:20944: gcc -o conftest    conftest.c  >&5
configure:20950: $? = 0
configure:20953: test -z 			 || test ! -s conftest.err
configure:20956: $? = 0
configure:20959: test -s conftest
configure:20962: $? = 0
configure:20974: result: yes
configure:20984: checking for alloca
configure:21025: gcc -o conftest    conftest.c  >&5
configure:21031: $? = 0
configure:21034: test -z 			 || test ! -s conftest.err
configure:21037: $? = 0
configure:21040: test -s conftest
configure:21043: $? = 0
configure:21055: result: yes
configure:21283: checking for stdlib.h
configure:21288: result: yes
configure:21283: checking for unistd.h
configure:21288: result: yes
configure:21431: checking for getpagesize
configure:21488: gcc -o conftest    conftest.c  >&5
configure:21494: $? = 0
configure:21497: test -z 			 || test ! -s conftest.err
configure:21500: $? = 0
configure:21503: test -s conftest
configure:21506: $? = 0
configure:21518: result: yes
configure:21528: checking for working mmap
configure:21670: gcc -o conftest    conftest.c  >&5
configure:21673: $? = 0
configure:21675: ./conftest
configure:21678: $? = 0
configure:21692: result: yes
configure:21704: checking whether we are using the GNU C Library 2.1 or newer
configure:21735: result: yes
configure:21743: checking whether integer division by zero raises SIGFPE
configure:21805: gcc -o conftest    conftest.c  >&5
conftest.c:58: warning: built-in function `nan' declared as non-function
configure:21808: $? = 0
configure:21810: ./conftest
configure:21813: $? = 0
configure:21828: result: yes
configure:21841: checking for unsigned long long
configure:21863: gcc -o conftest    conftest.c  >&5
configure:21869: $? = 0
configure:21872: test -z 			 || test ! -s conftest.err
configure:21875: $? = 0
configure:21878: test -s conftest
configure:21881: $? = 0
configure:21893: result: yes
configure:21925: checking for inttypes.h
configure:21948: gcc -c   conftest.c >&5
configure:21954: $? = 0
configure:21957: test -z 			 || test ! -s conftest.err
configure:21960: $? = 0
configure:21963: test -s conftest.o
configure:21966: $? = 0
configure:21978: result: yes
configure:21991: checking whether the inttypes.h PRIxNN macros are broken
configure:22017: gcc -c   conftest.c >&5
configure:22023: $? = 0
configure:22026: test -z 			 || test ! -s conftest.err
configure:22029: $? = 0
configure:22032: test -s conftest.o
configure:22035: $? = 0
configure:22047: result: no
configure:22064: checking for stdint.h
configure:22069: result: yes
configure:22208: checking for SIZE_MAX
configure:23255: result: yes
configure:23272: checking for stdint.h
configure:23277: result: yes
configure:23457: checking for ld used by GCC
configure:23521: result: /usr/bin/ld
configure:23530: checking if the linker (/usr/bin/ld) is GNU ld
configure:23543: result: yes
configure:23549: checking for shared library run path origin
configure:23562: result: done
configure:23968: checking for ptrdiff_t
configure:23992: gcc -c   conftest.c >&5
configure:23998: $? = 0
configure:24001: test -z 			 || test ! -s conftest.err
configure:24004: $? = 0
configure:24007: test -s conftest.o
configure:24010: $? = 0
configure:24021: result: yes
configure:24058: checking argz.h usability
configure:24070: gcc -c   conftest.c >&5
configure:24076: $? = 0
configure:24079: test -z 			 || test ! -s conftest.err
configure:24082: $? = 0
configure:24085: test -s conftest.o
configure:24088: $? = 0
configure:24098: result: yes
configure:24102: checking argz.h presence
configure:24112: gcc -E  conftest.c
configure:24118: $? = 0
configure:24138: result: yes
configure:24173: checking for argz.h
configure:24180: result: yes
configure:24058: checking limits.h usability
configure:24070: gcc -c   conftest.c >&5
configure:24076: $? = 0
configure:24079: test -z 			 || test ! -s conftest.err
configure:24082: $? = 0
configure:24085: test -s conftest.o
configure:24088: $? = 0
configure:24098: result: yes
configure:24102: checking limits.h presence
configure:24112: gcc -E  conftest.c
configure:24118: $? = 0
configure:24138: result: yes
configure:24173: checking for limits.h
configure:24180: result: yes
configure:24058: checking locale.h usability
configure:24070: gcc -c   conftest.c >&5
configure:24076: $? = 0
configure:24079: test -z 			 || test ! -s conftest.err
configure:24082: $? = 0
configure:24085: test -s conftest.o
configure:24088: $? = 0
configure:24098: result: yes
configure:24102: checking locale.h presence
configure:24112: gcc -E  conftest.c
configure:24118: $? = 0
configure:24138: result: yes
configure:24173: checking for locale.h
configure:24180: result: yes
configure:24058: checking nl_types.h usability
configure:24070: gcc -c   conftest.c >&5
configure:24076: $? = 0
configure:24079: test -z 			 || test ! -s conftest.err
configure:24082: $? = 0
configure:24085: test -s conftest.o
configure:24088: $? = 0
configure:24098: result: yes
configure:24102: checking nl_types.h presence
configure:24112: gcc -E  conftest.c
configure:24118: $? = 0
configure:24138: result: yes
configure:24173: checking for nl_types.h
configure:24180: result: yes
configure:24058: checking malloc.h usability
configure:24070: gcc -c   conftest.c >&5
configure:24076: $? = 0
configure:24079: test -z 			 || test ! -s conftest.err
configure:24082: $? = 0
configure:24085: test -s conftest.o
configure:24088: $? = 0
configure:24098: result: yes
configure:24102: checking malloc.h presence
configure:24112: gcc -E  conftest.c
configure:24118: $? = 0
configure:24138: result: yes
configure:24173: checking for malloc.h
configure:24180: result: yes
configure:24058: checking stddef.h usability
configure:24070: gcc -c   conftest.c >&5
configure:24076: $? = 0
configure:24079: test -z 			 || test ! -s conftest.err
configure:24082: $? = 0
configure:24085: test -s conftest.o
configure:24088: $? = 0
configure:24098: result: yes
configure:24102: checking stddef.h presence
configure:24112: gcc -E  conftest.c
configure:24118: $? = 0
configure:24138: result: yes
configure:24173: checking for stddef.h
configure:24180: result: yes
configure:24049: checking for stdlib.h
configure:24054: result: yes
configure:24049: checking for string.h
configure:24054: result: yes
configure:24049: checking for unistd.h
configure:24054: result: yes
configure:24058: checking sys/param.h usability
configure:24070: gcc -c   conftest.c >&5
configure:24076: $? = 0
configure:24079: test -z 			 || test ! -s conftest.err
configure:24082: $? = 0
configure:24085: test -s conftest.o
configure:24088: $? = 0
configure:24098: result: yes
configure:24102: checking sys/param.h presence
configure:24112: gcc -E  conftest.c
configure:24118: $? = 0
configure:24138: result: yes
configure:24173: checking for sys/param.h
configure:24180: result: yes
configure:24222: checking for asprintf
configure:24279: gcc -o conftest    conftest.c  >&5
configure:24285: $? = 0
configure:24288: test -z 			 || test ! -s conftest.err
configure:24291: $? = 0
configure:24294: test -s conftest
configure:24297: $? = 0
configure:24309: result: yes
configure:24222: checking for fwprintf
configure:24279: gcc -o conftest    conftest.c  >&5
configure:24285: $? = 0
configure:24288: test -z 			 || test ! -s conftest.err
configure:24291: $? = 0
configure:24294: test -s conftest
configure:24297: $? = 0
configure:24309: result: yes
configure:24222: checking for getcwd
configure:24279: gcc -o conftest    conftest.c  >&5
configure:24285: $? = 0
configure:24288: test -z 			 || test ! -s conftest.err
configure:24291: $? = 0
configure:24294: test -s conftest
configure:24297: $? = 0
configure:24309: result: yes
configure:24222: checking for getegid
configure:24279: gcc -o conftest    conftest.c  >&5
configure:24285: $? = 0
configure:24288: test -z 			 || test ! -s conftest.err
configure:24291: $? = 0
configure:24294: test -s conftest
configure:24297: $? = 0
configure:24309: result: yes
configure:24222: checking for geteuid
configure:24279: gcc -o conftest    conftest.c  >&5
configure:24285: $? = 0
configure:24288: test -z 			 || test ! -s conftest.err
configure:24291: $? = 0
configure:24294: test -s conftest
configure:24297: $? = 0
configure:24309: result: yes
configure:24222: checking for getgid
configure:24279: gcc -o conftest    conftest.c  >&5
configure:24285: $? = 0
configure:24288: test -z 			 || test ! -s conftest.err
configure:24291: $? = 0
configure:24294: test -s conftest
configure:24297: $? = 0
configure:24309: result: yes
configure:24222: checking for getuid
configure:24279: gcc -o conftest    conftest.c  >&5
configure:24285: $? = 0
configure:24288: test -z 			 || test ! -s conftest.err
configure:24291: $? = 0
configure:24294: test -s conftest
configure:24297: $? = 0
configure:24309: result: yes
configure:24222: checking for mempcpy
configure:24279: gcc -o conftest    conftest.c  >&5
configure:24285: $? = 0
configure:24288: test -z 			 || test ! -s conftest.err
configure:24291: $? = 0
configure:24294: test -s conftest
configure:24297: $? = 0
configure:24309: result: yes
configure:24222: checking for munmap
configure:24279: gcc -o conftest    conftest.c  >&5
configure:24285: $? = 0
configure:24288: test -z 			 || test ! -s conftest.err
configure:24291: $? = 0
configure:24294: test -s conftest
configure:24297: $? = 0
configure:24309: result: yes
configure:24222: checking for putenv
configure:24279: gcc -o conftest    conftest.c  >&5
configure:24285: $? = 0
configure:24288: test -z 			 || test ! -s conftest.err
configure:24291: $? = 0
configure:24294: test -s conftest
configure:24297: $? = 0
configure:24309: result: yes
configure:24222: checking for setenv
configure:24279: gcc -o conftest    conftest.c  >&5
configure:24285: $? = 0
configure:24288: test -z 			 || test ! -s conftest.err
configure:24291: $? = 0
configure:24294: test -s conftest
configure:24297: $? = 0
configure:24309: result: yes
configure:24222: checking for setlocale
configure:24279: gcc -o conftest    conftest.c  >&5
configure:24285: $? = 0
configure:24288: test -z 			 || test ! -s conftest.err
configure:24291: $? = 0
configure:24294: test -s conftest
configure:24297: $? = 0
configure:24309: result: yes
configure:24222: checking for snprintf
configure:24279: gcc -o conftest    conftest.c  >&5
conftest.c:92: warning: conflicting types for built-in function `snprintf'
configure:24285: $? = 0
configure:24288: test -z 			 || test ! -s conftest.err
configure:24291: $? = 0
configure:24294: test -s conftest
configure:24297: $? = 0
configure:24309: result: yes
configure:24222: checking for stpcpy
configure:24279: gcc -o conftest    conftest.c  >&5
configure:24285: $? = 0
configure:24288: test -z 			 || test ! -s conftest.err
configure:24291: $? = 0
configure:24294: test -s conftest
configure:24297: $? = 0
configure:24309: result: yes
configure:24222: checking for strcasecmp
configure:24279: gcc -o conftest    conftest.c  >&5
configure:24285: $? = 0
configure:24288: test -z 			 || test ! -s conftest.err
configure:24291: $? = 0
configure:24294: test -s conftest
configure:24297: $? = 0
configure:24309: result: yes
configure:24222: checking for strdup
configure:24279: gcc -o conftest    conftest.c  >&5
configure:24285: $? = 0
configure:24288: test -z 			 || test ! -s conftest.err
configure:24291: $? = 0
configure:24294: test -s conftest
configure:24297: $? = 0
configure:24309: result: yes
configure:24222: checking for strtoul
configure:24279: gcc -o conftest    conftest.c  >&5
configure:24285: $? = 0
configure:24288: test -z 			 || test ! -s conftest.err
configure:24291: $? = 0
configure:24294: test -s conftest
configure:24297: $? = 0
configure:24309: result: yes
configure:24222: checking for tsearch
configure:24279: gcc -o conftest    conftest.c  >&5
configure:24285: $? = 0
configure:24288: test -z 			 || test ! -s conftest.err
configure:24291: $? = 0
configure:24294: test -s conftest
configure:24297: $? = 0
configure:24309: result: yes
configure:24222: checking for wcslen
configure:24279: gcc -o conftest    conftest.c  >&5
configure:24285: $? = 0
configure:24288: test -z 			 || test ! -s conftest.err
configure:24291: $? = 0
configure:24294: test -s conftest
configure:24297: $? = 0
configure:24309: result: yes
configure:24222: checking for __argz_count
configure:24279: gcc -o conftest    conftest.c  >&5
configure:24285: $? = 0
configure:24288: test -z 			 || test ! -s conftest.err
configure:24291: $? = 0
configure:24294: test -s conftest
configure:24297: $? = 0
configure:24309: result: yes
configure:24222: checking for __argz_stringify
configure:24279: gcc -o conftest    conftest.c  >&5
configure:24285: $? = 0
configure:24288: test -z 			 || test ! -s conftest.err
configure:24291: $? = 0
configure:24294: test -s conftest
configure:24297: $? = 0
configure:24309: result: yes
configure:24222: checking for __argz_next
configure:24279: gcc -o conftest    conftest.c  >&5
configure:24285: $? = 0
configure:24288: test -z 			 || test ! -s conftest.err
configure:24291: $? = 0
configure:24294: test -s conftest
configure:24297: $? = 0
configure:24309: result: yes
configure:24222: checking for __fsetlocking
configure:24279: gcc -o conftest    conftest.c  >&5
configure:24285: $? = 0
configure:24288: test -z 			 || test ! -s conftest.err
configure:24291: $? = 0
configure:24294: test -s conftest
configure:24297: $? = 0
configure:24309: result: yes
configure:24321: checking whether _snprintf is declared
configure:24346: gcc -c   conftest.c >&5
conftest.c: In function `main':
conftest.c:85: error: `_snprintf' undeclared (first use in this function)
conftest.c:85: error: (Each undeclared identifier is reported only once
conftest.c:85: error: for each function it appears in.)
configure:24352: $? = 1
configure: failed program was:
| /* confdefs.h.  */
| 
| #define PACKAGE_NAME ""
| #define PACKAGE_TARNAME ""
| #define PACKAGE_VERSION ""
| #define PACKAGE_STRING ""
| #define PACKAGE_BUGREPORT ""
| #define PACKAGE "Yux"
| #define VERSION "0.1"
| #define STDC_HEADERS 1
| #define HAVE_SYS_TYPES_H 1
| #define HAVE_SYS_STAT_H 1
| #define HAVE_STDLIB_H 1
| #define HAVE_STRING_H 1
| #define HAVE_MEMORY_H 1
| #define HAVE_STRINGS_H 1
| #define HAVE_INTTYPES_H 1
| #define HAVE_STDINT_H 1
| #define HAVE_UNISTD_H 1
| #define HAVE_DLFCN_H 1
| #ifdef __cplusplus
| extern "C" void std::exit (int) throw (); using std::exit;
| #endif
| #define GETTEXT_PACKAGE "Yux"
| #define HAVE_LONG_LONG 1
| #define HAVE_LONG_DOUBLE 1
| #define HAVE_WCHAR_T 1
| #define HAVE_WINT_T 1
| #define HAVE_INTTYPES_H_WITH_UINTMAX 1
| #define HAVE_STDINT_H_WITH_UINTMAX 1
| #define HAVE_INTMAX_T 1
| #define HAVE_POSIX_PRINTF 1
| #define HAVE_ALLOCA_H 1
| #define HAVE_ALLOCA 1
| #define HAVE_STDLIB_H 1
| #define HAVE_UNISTD_H 1
| #define HAVE_GETPAGESIZE 1
| #define HAVE_MMAP 1
| #define INTDIV0_RAISES_SIGFPE 1
| #define HAVE_UNSIGNED_LONG_LONG 1
| #define HAVE_UINTMAX_T 1
| #define HAVE_INTTYPES_H 1
| #define HAVE_STDINT_H 1
| #define HAVE_STDINT_H 1
| #define HAVE_ARGZ_H 1
| #define HAVE_LIMITS_H 1
| #define HAVE_LOCALE_H 1
| #define HAVE_NL_TYPES_H 1
| #define HAVE_MALLOC_H 1
| #define HAVE_STDDEF_H 1
| #define HAVE_STDLIB_H 1
| #define HAVE_STRING_H 1
| #define HAVE_UNISTD_H 1
| #define HAVE_SYS_PARAM_H 1
| #define HAVE_ASPRINTF 1
| #define HAVE_FWPRINTF 1
| #define HAVE_GETCWD 1
| #define HAVE_GETEGID 1
| #define HAVE_GETEUID 1
| #define HAVE_GETGID 1
| #define HAVE_GETUID 1
| #define HAVE_MEMPCPY 1
| #define HAVE_MUNMAP 1
| #define HAVE_PUTENV 1
| #define HAVE_SETENV 1
| #define HAVE_SETLOCALE 1
| #define HAVE_SNPRINTF 1
| #define HAVE_STPCPY 1
| #define HAVE_STRCASECMP 1
| #define HAVE_STRDUP 1
| #define HAVE_STRTOUL 1
| #define HAVE_TSEARCH 1
| #define HAVE_WCSLEN 1
| #define HAVE___ARGZ_COUNT 1
| #define HAVE___ARGZ_STRINGIFY 1
| #define HAVE___ARGZ_NEXT 1
| #define HAVE___FSETLOCKING 1
| /* end confdefs.h.  */
| #include <stdio.h>
| int
| main ()
| {
| 
| #ifndef _snprintf
|   char *p = (char *) _snprintf;
| #endif
| 
|   ;
|   return 0;
| }
configure:24375: result: no
configure:24389: checking whether _snwprintf is declared
configure:24414: gcc -c   conftest.c >&5
conftest.c: In function `main':
conftest.c:86: error: `_snwprintf' undeclared (first use in this function)
conftest.c:86: error: (Each undeclared identifier is reported only once
conftest.c:86: error: for each function it appears in.)
configure:24420: $? = 1
configure: failed program was:
| /* confdefs.h.  */
| 
| #define PACKAGE_NAME ""
| #define PACKAGE_TARNAME ""
| #define PACKAGE_VERSION ""
| #define PACKAGE_STRING ""
| #define PACKAGE_BUGREPORT ""
| #define PACKAGE "Yux"
| #define VERSION "0.1"
| #define STDC_HEADERS 1
| #define HAVE_SYS_TYPES_H 1
| #define HAVE_SYS_STAT_H 1
| #define HAVE_STDLIB_H 1
| #define HAVE_STRING_H 1
| #define HAVE_MEMORY_H 1
| #define HAVE_STRINGS_H 1
| #define HAVE_INTTYPES_H 1
| #define HAVE_STDINT_H 1
| #define HAVE_UNISTD_H 1
| #define HAVE_DLFCN_H 1
| #ifdef __cplusplus
| extern "C" void std::exit (int) throw (); using std::exit;
| #endif
| #define GETTEXT_PACKAGE "Yux"
| #define HAVE_LONG_LONG 1
| #define HAVE_LONG_DOUBLE 1
| #define HAVE_WCHAR_T 1
| #define HAVE_WINT_T 1
| #define HAVE_INTTYPES_H_WITH_UINTMAX 1
| #define HAVE_STDINT_H_WITH_UINTMAX 1
| #define HAVE_INTMAX_T 1
| #define HAVE_POSIX_PRINTF 1
| #define HAVE_ALLOCA_H 1
| #define HAVE_ALLOCA 1
| #define HAVE_STDLIB_H 1
| #define HAVE_UNISTD_H 1
| #define HAVE_GETPAGESIZE 1
| #define HAVE_MMAP 1
| #define INTDIV0_RAISES_SIGFPE 1
| #define HAVE_UNSIGNED_LONG_LONG 1
| #define HAVE_UINTMAX_T 1
| #define HAVE_INTTYPES_H 1
| #define HAVE_STDINT_H 1
| #define HAVE_STDINT_H 1
| #define HAVE_ARGZ_H 1
| #define HAVE_LIMITS_H 1
| #define HAVE_LOCALE_H 1
| #define HAVE_NL_TYPES_H 1
| #define HAVE_MALLOC_H 1
| #define HAVE_STDDEF_H 1
| #define HAVE_STDLIB_H 1
| #define HAVE_STRING_H 1
| #define HAVE_UNISTD_H 1
| #define HAVE_SYS_PARAM_H 1
| #define HAVE_ASPRINTF 1
| #define HAVE_FWPRINTF 1
| #define HAVE_GETCWD 1
| #define HAVE_GETEGID 1
| #define HAVE_GETEUID 1
| #define HAVE_GETGID 1
| #define HAVE_GETUID 1
| #define HAVE_MEMPCPY 1
| #define HAVE_MUNMAP 1
| #define HAVE_PUTENV 1
| #define HAVE_SETENV 1
| #define HAVE_SETLOCALE 1
| #define HAVE_SNPRINTF 1
| #define HAVE_STPCPY 1
| #define HAVE_STRCASECMP 1
| #define HAVE_STRDUP 1
| #define HAVE_STRTOUL 1
| #define HAVE_TSEARCH 1
| #define HAVE_WCSLEN 1
| #define HAVE___ARGZ_COUNT 1
| #define HAVE___ARGZ_STRINGIFY 1
| #define HAVE___ARGZ_NEXT 1
| #define HAVE___FSETLOCKING 1
| #define HAVE_DECL__SNPRINTF 0
| /* end confdefs.h.  */
| #include <stdio.h>
| int
| main ()
| {
| 
| #ifndef _snwprintf
|   char *p = (char *) _snwprintf;
| #endif
| 
|   ;
|   return 0;
| }
configure:24443: result: no
configure:24458: checking whether feof_unlocked is declared
configure:24483: gcc -c   conftest.c >&5
configure:24489: $? = 0
configure:24492: test -z 			 || test ! -s conftest.err
configure:24495: $? = 0
configure:24498: test -s conftest.o
configure:24501: $? = 0
configure:24512: result: yes
configure:24526: checking whether fgets_unlocked is declared
configure:24551: gcc -c   conftest.c >&5
conftest.c: In function `main':
conftest.c:88: error: `fgets_unlocked' undeclared (first use in this function)
conftest.c:88: error: (Each undeclared identifier is reported only once
conftest.c:88: error: for each function it appears in.)
configure:24557: $? = 1
configure: failed program was:
| /* confdefs.h.  */
| 
| #define PACKAGE_NAME ""
| #define PACKAGE_TARNAME ""
| #define PACKAGE_VERSION ""
| #define PACKAGE_STRING ""
| #define PACKAGE_BUGREPORT ""
| #define PACKAGE "Yux"
| #define VERSION "0.1"
| #define STDC_HEADERS 1
| #define HAVE_SYS_TYPES_H 1
| #define HAVE_SYS_STAT_H 1
| #define HAVE_STDLIB_H 1
| #define HAVE_STRING_H 1
| #define HAVE_MEMORY_H 1
| #define HAVE_STRINGS_H 1
| #define HAVE_INTTYPES_H 1
| #define HAVE_STDINT_H 1
| #define HAVE_UNISTD_H 1
| #define HAVE_DLFCN_H 1
| #ifdef __cplusplus
| extern "C" void std::exit (int) throw (); using std::exit;
| #endif
| #define GETTEXT_PACKAGE "Yux"
| #define HAVE_LONG_LONG 1
| #define HAVE_LONG_DOUBLE 1
| #define HAVE_WCHAR_T 1
| #define HAVE_WINT_T 1
| #define HAVE_INTTYPES_H_WITH_UINTMAX 1
| #define HAVE_STDINT_H_WITH_UINTMAX 1
| #define HAVE_INTMAX_T 1
| #define HAVE_POSIX_PRINTF 1
| #define HAVE_ALLOCA_H 1
| #define HAVE_ALLOCA 1
| #define HAVE_STDLIB_H 1
| #define HAVE_UNISTD_H 1
| #define HAVE_GETPAGESIZE 1
| #define HAVE_MMAP 1
| #define INTDIV0_RAISES_SIGFPE 1
| #define HAVE_UNSIGNED_LONG_LONG 1
| #define HAVE_UINTMAX_T 1
| #define HAVE_INTTYPES_H 1
| #define HAVE_STDINT_H 1
| #define HAVE_STDINT_H 1
| #define HAVE_ARGZ_H 1
| #define HAVE_LIMITS_H 1
| #define HAVE_LOCALE_H 1
| #define HAVE_NL_TYPES_H 1
| #define HAVE_MALLOC_H 1
| #define HAVE_STDDEF_H 1
| #define HAVE_STDLIB_H 1
| #define HAVE_STRING_H 1
| #define HAVE_UNISTD_H 1
| #define HAVE_SYS_PARAM_H 1
| #define HAVE_ASPRINTF 1
| #define HAVE_FWPRINTF 1
| #define HAVE_GETCWD 1
| #define HAVE_GETEGID 1
| #define HAVE_GETEUID 1
| #define HAVE_GETGID 1
| #define HAVE_GETUID 1
| #define HAVE_MEMPCPY 1
| #define HAVE_MUNMAP 1
| #define HAVE_PUTENV 1
| #define HAVE_SETENV 1
| #define HAVE_SETLOCALE 1
| #define HAVE_SNPRINTF 1
| #define HAVE_STPCPY 1
| #define HAVE_STRCASECMP 1
| #define HAVE_STRDUP 1
| #define HAVE_STRTOUL 1
| #define HAVE_TSEARCH 1
| #define HAVE_WCSLEN 1
| #define HAVE___ARGZ_COUNT 1
| #define HAVE___ARGZ_STRINGIFY 1
| #define HAVE___ARGZ_NEXT 1
| #define HAVE___FSETLOCKING 1
| #define HAVE_DECL__SNPRINTF 0
| #define HAVE_DECL__SNWPRINTF 0
| #define HAVE_DECL_FEOF_UNLOCKED 1
| /* end confdefs.h.  */
| #include <stdio.h>
| int
| main ()
| {
| 
| #ifndef fgets_unlocked
|   char *p = (char *) fgets_unlocked;
| #endif
| 
|   ;
|   return 0;
| }
configure:24580: result: no
configure:24594: checking whether getc_unlocked is declared
configure:24619: gcc -c   conftest.c >&5
configure:24625: $? = 0
configure:24628: test -z 			 || test ! -s conftest.err
configure:24631: $? = 0
configure:24634: test -s conftest.o
configure:24637: $? = 0
configure:24648: result: yes
configure:24716: checking for iconv
configure:24743: gcc -o conftest    conftest.c  >&5
configure:24749: $? = 0
configure:24752: test -z 			 || test ! -s conftest.err
configure:24755: $? = 0
configure:24758: test -s conftest
configure:24761: $? = 0
configure:24826: result: yes
configure:24849: checking for iconv declaration
configure:24883: gcc -c   conftest.c >&5
configure:24889: $? = 0
configure:24892: test -z 			 || test ! -s conftest.err
configure:24895: $? = 0
configure:24898: test -s conftest.o
configure:24901: $? = 0
configure:24916: result: 
         extern size_t iconv (iconv_t cd, char * *inbuf, size_t *inbytesleft, char * *outbuf, size_t *outbytesleft);
configure:24927: checking for nl_langinfo and CODESET
configure:24948: gcc -o conftest    conftest.c  >&5
configure:24954: $? = 0
configure:24957: test -z 			 || test ! -s conftest.err
configure:24960: $? = 0
configure:24963: test -s conftest
configure:24966: $? = 0
configure:24979: result: yes
configure:24991: checking for LC_MESSAGES
configure:25012: gcc -o conftest    conftest.c  >&5
configure:25018: $? = 0
configure:25021: test -z 			 || test ! -s conftest.err
configure:25024: $? = 0
configure:25027: test -s conftest
configure:25030: $? = 0
configure:25042: result: yes
configure:25058: checking for bison
configure:25087: result: no
configure:25128: checking whether NLS is requested
configure:25137: result: yes
configure:25153: checking whether included gettext is requested
configure:25163: result: no
configure:25174: checking for GNU gettext in libc
configure:25198: gcc -o conftest    conftest.c  >&5
configure:25204: $? = 0
configure:25207: test -z 			 || test ! -s conftest.err
configure:25210: $? = 0
configure:25213: test -s conftest
configure:25216: $? = 0
configure:25228: result: yes
configure:25779: checking whether to use NLS
configure:25781: result: yes
configure:25784: checking where the gettext function comes from
configure:25795: result: libc
configure:26060: creating ./config.status

## ---------------------- ##
## Running config.status. ##
## ---------------------- ##

This file was extended by config.status, which was
generated by GNU Autoconf 2.59.  Invocation command line was

  CONFIG_FILES    = 
  CONFIG_HEADERS  = 
  CONFIG_LINKS    = 
  CONFIG_COMMANDS = 
  $ ./config.status 

on dominion

config.status:784: creating Makefile
config.status:784: creating intl/Makefile
config.status:784: creating po/Makefile.in
config.status:784: creating src/Makefile
config.status:850: creating config.h
config.status:1296: executing default-1 commands
config.status:1296: executing default-2 commands

## ---------------- ##
## Cache variables. ##
## ---------------- ##

ac_cv_build=i686-pc-linux-gnu
ac_cv_build_alias=i686-pc-linux-gnu
ac_cv_c_compiler_gnu=yes
ac_cv_c_const=yes
ac_cv_c_inline=inline
ac_cv_cxx_compiler_gnu=yes
ac_cv_env_CC_set=
ac_cv_env_CC_value=
ac_cv_env_CFLAGS_set=
ac_cv_env_CFLAGS_value=
ac_cv_env_CPPFLAGS_set=
ac_cv_env_CPPFLAGS_value=
ac_cv_env_CPP_set=
ac_cv_env_CPP_value=
ac_cv_env_CXXCPP_set=
ac_cv_env_CXXCPP_value=
ac_cv_env_CXXFLAGS_set=
ac_cv_env_CXXFLAGS_value=
ac_cv_env_CXX_set=
ac_cv_env_CXX_value=
ac_cv_env_F77_set=
ac_cv_env_F77_value=
ac_cv_env_FFLAGS_set=
ac_cv_env_FFLAGS_value=
ac_cv_env_LDFLAGS_set=
ac_cv_env_LDFLAGS_value=
ac_cv_env_build_alias_set=
ac_cv_env_build_alias_value=
ac_cv_env_host_alias_set=
ac_cv_env_host_alias_value=
ac_cv_env_target_alias_set=
ac_cv_env_target_alias_value=
ac_cv_exeext=
ac_cv_f77_compiler_gnu=no
ac_cv_func___argz_count=yes
ac_cv_func___argz_next=yes
ac_cv_func___argz_stringify=yes
ac_cv_func___fsetlocking=yes
ac_cv_func_alloca_works=yes
ac_cv_func_asprintf=yes
ac_cv_func_fwprintf=yes
ac_cv_func_getcwd=yes
ac_cv_func_getegid=yes
ac_cv_func_geteuid=yes
ac_cv_func_getgid=yes
ac_cv_func_getpagesize=yes
ac_cv_func_getuid=yes
ac_cv_func_mempcpy=yes
ac_cv_func_mmap_fixed_mapped=yes
ac_cv_func_munmap=yes
ac_cv_func_putenv=yes
ac_cv_func_setenv=yes
ac_cv_func_setlocale=yes
ac_cv_func_snprintf=yes
ac_cv_func_stpcpy=yes
ac_cv_func_strcasecmp=yes
ac_cv_func_strdup=yes
ac_cv_func_strtoul=yes
ac_cv_func_tsearch=yes
ac_cv_func_wcslen=yes
ac_cv_gnu_library_2_1=yes
ac_cv_have_decl__snprintf=no
ac_cv_have_decl__snwprintf=no
ac_cv_have_decl_feof_unlocked=yes
ac_cv_have_decl_fgets_unlocked=no
ac_cv_have_decl_getc_unlocked=yes
ac_cv_header_argz_h=yes
ac_cv_header_dlfcn_h=yes
ac_cv_header_inttypes_h=yes
ac_cv_header_limits_h=yes
ac_cv_header_locale_h=yes
ac_cv_header_malloc_h=yes
ac_cv_header_memory_h=yes
ac_cv_header_nl_types_h=yes
ac_cv_header_stdc=yes
ac_cv_header_stddef_h=yes
ac_cv_header_stdint_h=yes
ac_cv_header_stdlib_h=yes
ac_cv_header_string_h=yes
ac_cv_header_strings_h=yes
ac_cv_header_sys_param_h=yes
ac_cv_header_sys_stat_h=yes
ac_cv_header_sys_types_h=yes
ac_cv_header_unistd_h=yes
ac_cv_host=i686-pc-linux-gnu
ac_cv_host_alias=i686-pc-linux-gnu
ac_cv_lib_cposix_strerror=no
ac_cv_objext=o
ac_cv_path_GMSGFMT=/usr/bin/msgfmt
ac_cv_path_MSGFMT=/usr/bin/msgfmt
ac_cv_path_MSGMERGE=/usr/bin/msgmerge
ac_cv_path_PKG_CONFIG=/usr/bin/pkg-config
ac_cv_path_XGETTEXT=/usr/bin/xgettext
ac_cv_path_install='/usr/bin/install -c'
ac_cv_prog_CPP='gcc -E'
ac_cv_prog_CXXCPP='g++ -E'
ac_cv_prog_ac_ct_AR=ar
ac_cv_prog_ac_ct_CC=gcc
ac_cv_prog_ac_ct_CXX=g++
ac_cv_prog_ac_ct_RANLIB=ranlib
ac_cv_prog_ac_ct_STRIP=strip
ac_cv_prog_cc_g=yes
ac_cv_prog_cc_stdc=
ac_cv_prog_cxx_g=yes
ac_cv_prog_egrep='grep -E'
ac_cv_prog_f77_g=no
ac_cv_prog_make_make_set=yes
ac_cv_type_long_long=yes
ac_cv_type_off_t=yes
ac_cv_type_ptrdiff_t=yes
ac_cv_type_size_t=yes
ac_cv_type_unsigned_long_long=yes
ac_cv_working_alloca_h=yes
acl_cv_path_LD=/usr/bin/ld
acl_cv_prog_gnu_ld=yes
acl_cv_rpath=done
am_cv_func_iconv=yes
am_cv_langinfo_codeset=yes
am_cv_lib_iconv=no
am_cv_prog_cc_stdc=
am_cv_proto_iconv='extern size_t iconv (iconv_t cd, char * *inbuf, size_t *inbytesleft, char * *outbuf, size_t *outbytesleft);'
am_cv_proto_iconv_arg1=
am_cv_val_LC_MESSAGES=yes
bh_cv_c_signed=yes
gt_cv_c_intmax_t=yes
gt_cv_c_long_double=yes
gt_cv_c_wchar_t=yes
gt_cv_c_wint_t=yes
gt_cv_func_gnugettext1_libc=yes
gt_cv_func_printf_posix=yes
gt_cv_header_inttypes_h=yes
gt_cv_int_divbyzero_sigfpe=yes
gt_cv_inttypes_pri_broken=no
jm_ac_cv_header_inttypes_h=yes
jm_ac_cv_header_stdint_h=yes
lt_cv_deplibs_check_method=pass_all
lt_cv_file_magic_cmd='$MAGIC_CMD'
lt_cv_file_magic_test_file=
lt_cv_ld_reload_flag=-r
lt_cv_objdir=.libs
lt_cv_path_LD=/usr/bin/ld
lt_cv_path_LDCXX=/usr/bin/ld
lt_cv_path_NM='/usr/bin/nm -B'
lt_cv_path_SED=/bin/sed
lt_cv_prog_compiler_c_o=yes
lt_cv_prog_compiler_c_o_CXX=yes
lt_cv_prog_compiler_rtti_exceptions=no
lt_cv_prog_gnu_ld=yes
lt_cv_prog_gnu_ldcxx=yes
lt_cv_sys_global_symbol_pipe='sed -n -e '\''s/^.*[ 	]\([ABCDGIRSTW][ABCDGIRSTW]*\)[ 	][ 	]*\(\)\([_A-Za-z][_A-Za-z0-9]*\)$/\1 \2\3 \3/p'\'''
lt_cv_sys_global_symbol_to_c_name_address='sed -n -e '\''s/^: \([^ ]*\) $/  {\"\1\", (lt_ptr) 0},/p'\'' -e '\''s/^[BCDEGRST] \([^ ]*\) \([^ ]*\)$/  {"\2", (lt_ptr) \&\2},/p'\'''
lt_cv_sys_global_symbol_to_cdecl='sed -n -e '\''s/^. .* \(.*\)$/extern int \1;/p'\'''
lt_cv_sys_max_cmd_len=32768
lt_lt_cv_prog_compiler_c_o='"yes"'
lt_lt_cv_prog_compiler_c_o_CXX='"yes"'
lt_lt_cv_sys_global_symbol_pipe='"sed -n -e '\''s/^.*[ 	]\\([ABCDGIRSTW][ABCDGIRSTW]*\\)[ 	][ 	]*\\(\\)\\([_A-Za-z][_A-Za-z0-9]*\\)\$/\\1 \\2\\3 \\3/p'\''"'
lt_lt_cv_sys_global_symbol_to_c_name_address='"sed -n -e '\''s/^: \\([^ ]*\\) \$/  {\\\"\\1\\\", (lt_ptr) 0},/p'\'' -e '\''s/^[BCDEGRST] \\([^ ]*\\) \\([^ ]*\\)\$/  {\"\\2\", (lt_ptr) \\&\\2},/p'\''"'
lt_lt_cv_sys_global_symbol_to_cdecl='"sed -n -e '\''s/^. .* \\(.*\\)\$/extern int \\1;/p'\''"'
nls_cv_force_use_gnu_gettext=no
nls_cv_header_intl=
nls_cv_header_libgt=
nls_cv_use_gnu_gettext=no

## ----------------- ##
## Output variables. ##
## ----------------- ##

ACLOCAL='aclocal-1.4'
ALLOCA=''
AR='ar'
AUTOCONF='autoconf'
AUTOHEADER='autoheader'
AUTOMAKE='automake-1.4'
BUILD_INCLUDED_LIBINTL='no'
CATOBJEXT='.gmo'
CC='gcc'
CFLAGS=''
CPP='gcc -E'
CPPFLAGS=''
CXX='g++'
CXXCPP='g++ -E'
CXXFLAGS='-g -O2'
DATADIRNAME='share'
DEFS='-DHAVE_CONFIG_H'
ECHO='echo'
ECHO_C=''
ECHO_N='-n'
ECHO_T=''
EGREP='grep -E'
EXEEXT=''
F77=''
FFLAGS=''
GENCAT='gencat'
GETTEXT_PACKAGE='Yux'
GLIBC21='yes'
GMSGFMT='/usr/bin/msgfmt'
GTK_CFLAGS='-DXTHREADS -I/usr/include/gtk-2.0 -I/usr/lib/gtk-2.0/include -I/usr/X11R6/include -I/usr/include/atk-1.0 -I/usr/include/pango-1.0 -I/usr/include/freetype2 -I/usr/include/glib-2.0 -I/usr/lib/glib-2.0/include  '
GTK_LIBS='-Wl,--export-dynamic -lgtk-x11-2.0 -latk-1.0 -lgdk-x11-2.0 -lgdk_pixbuf-2.0 -lm -lpangoxft-1.0 -lpangox-1.0 -lpango-1.0 -lgobject-2.0 -lgmodule-2.0 -ldl -lglib-2.0  '
HAVE_ASPRINTF='1'
HAVE_POSIX_PRINTF='1'
HAVE_SNPRINTF='1'
HAVE_WPRINTF='0'
INSTALL_DATA='${INSTALL} -m 644'
INSTALL_PROGRAM='${INSTALL}'
INSTALL_SCRIPT='${INSTALL}'
INSTOBJEXT='.mo'
INTLBISON=':'
INTLLIBS=''
INTLOBJS=''
INTL_LIBTOOL_SUFFIX_PREFIX=''
LDFLAGS=''
LIBICONV=''
LIBINTL=''
LIBOBJS=''
LIBS=''
LIBTOOL='$(SHELL) $(top_builddir)/libtool'
LN_S='ln -s'
LTLIBICONV=''
LTLIBINTL=''
LTLIBOBJS=''
MAKEINFO='makeinfo'
MKINSTALLDIRS='$(top_builddir)/./mkinstalldirs'
MSGFMT='/usr/bin/msgfmt'
MSGMERGE='/usr/bin/msgmerge'
NO_PREFIX_PACKAGE_DATA_DIR='share'
NO_PREFIX_PACKAGE_DOC_DIR='doc/Yux'
NO_PREFIX_PACKAGE_HELP_DIR='share/help'
NO_PREFIX_PACKAGE_MENU_DIR='share'
NO_PREFIX_PACKAGE_PIXMAPS_DIR='share/pixmaps'
OBJEXT='o'
PACKAGE='Yux'
PACKAGE_BUGREPORT=''
PACKAGE_DATA_DIR='/usr/local/share'
PACKAGE_DOC_DIR='/usr/local/doc/Yux'
PACKAGE_HELP_DIR='/usr/local/share/help'
PACKAGE_MENU_DIR='/usr/local/share'
PACKAGE_NAME=''
PACKAGE_PIXMAPS_DIR='/usr/local/share/pixmaps'
PACKAGE_STRING=''
PACKAGE_TARNAME=''
PACKAGE_VERSION=''
PATH_SEPARATOR=':'
PKG_CONFIG='/usr/bin/pkg-config'
POSUB='po'
RANLIB='ranlib'
SET_MAKE=''
SHELL='/bin/sh'
STRIP='strip'
USE_INCLUDED_LIBINTL='no'
USE_NLS='yes'
VERSION='0.1'
XGETTEXT='/usr/bin/xgettext'
ac_ct_AR='ar'
ac_ct_CC='gcc'
ac_ct_CXX='g++'
ac_ct_F77=''
ac_ct_RANLIB='ranlib'
ac_ct_STRIP='strip'
bindir='${exec_prefix}/bin'
build='i686-pc-linux-gnu'
build_alias=''
build_cpu='i686'
build_os='linux-gnu'
build_vendor='pc'
datadir='${prefix}/share'
exec_prefix='${prefix}'
host='i686-pc-linux-gnu'
host_alias=''
host_cpu='i686'
host_os='linux-gnu'
host_vendor='pc'
includedir='${prefix}/include'
infodir='${prefix}/info'
libdir='${exec_prefix}/lib'
libexecdir='${exec_prefix}/libexec'
localstatedir='${prefix}/var'
mandir='${prefix}/man'
oldincludedir='/usr/include'
prefix='/usr/local'
program_transform_name='s,x,x,'
sbindir='${exec_prefix}/sbin'
sharedstatedir='${prefix}/com'
sysconfdir='${prefix}/etc'
target_alias=''

## ----------- ##
## confdefs.h. ##
## ----------- ##

#define ENABLE_NLS 1
#define GETTEXT_PACKAGE "Yux"
#define HAVE_ALLOCA 1
#define HAVE_ALLOCA_H 1
#define HAVE_ARGZ_H 1
#define HAVE_ASPRINTF 1
#define HAVE_DCGETTEXT 1
#define HAVE_DECL_FEOF_UNLOCKED 1
#define HAVE_DECL_FGETS_UNLOCKED 0
#define HAVE_DECL_GETC_UNLOCKED 1
#define HAVE_DECL__SNPRINTF 0
#define HAVE_DECL__SNWPRINTF 0
#define HAVE_DLFCN_H 1
#define HAVE_FWPRINTF 1
#define HAVE_GETCWD 1
#define HAVE_GETEGID 1
#define HAVE_GETEUID 1
#define HAVE_GETGID 1
#define HAVE_GETPAGESIZE 1
#define HAVE_GETTEXT 1
#define HAVE_GETUID 1
#define HAVE_ICONV 1
#define HAVE_INTMAX_T 1
#define HAVE_INTTYPES_H 1
#define HAVE_INTTYPES_H 1
#define HAVE_INTTYPES_H_WITH_UINTMAX 1
#define HAVE_LANGINFO_CODESET 1
#define HAVE_LC_MESSAGES 1
#define HAVE_LIMITS_H 1
#define HAVE_LOCALE_H 1
#define HAVE_LONG_DOUBLE 1
#define HAVE_LONG_LONG 1
#define HAVE_MALLOC_H 1
#define HAVE_MEMORY_H 1
#define HAVE_MEMPCPY 1
#define HAVE_MMAP 1
#define HAVE_MUNMAP 1
#define HAVE_NL_TYPES_H 1
#define HAVE_POSIX_PRINTF 1
#define HAVE_PUTENV 1
#define HAVE_SETENV 1
#define HAVE_SETLOCALE 1
#define HAVE_SNPRINTF 1
#define HAVE_STDDEF_H 1
#define HAVE_STDINT_H 1
#define HAVE_STDINT_H 1
#define HAVE_STDINT_H 1
#define HAVE_STDINT_H_WITH_UINTMAX 1
#define HAVE_STDLIB_H 1
#define HAVE_STDLIB_H 1
#define HAVE_STDLIB_H 1
#define HAVE_STPCPY 1
#define HAVE_STRCASECMP 1
#define HAVE_STRDUP 1
#define HAVE_STRINGS_H 1
#define HAVE_STRING_H 1
#define HAVE_STRING_H 1
#define HAVE_STRTOUL 1
#define HAVE_SYS_PARAM_H 1
#define HAVE_SYS_STAT_H 1
#define HAVE_SYS_TYPES_H 1
#define HAVE_TSEARCH 1
#define HAVE_UINTMAX_T 1
#define HAVE_UNISTD_H 1
#define HAVE_UNISTD_H 1
#define HAVE_UNISTD_H 1
#define HAVE_UNSIGNED_LONG_LONG 1
#define HAVE_WCHAR_T 1
#define HAVE_WCSLEN 1
#define HAVE_WINT_T 1
#define HAVE___ARGZ_COUNT 1
#define HAVE___ARGZ_NEXT 1
#define HAVE___ARGZ_STRINGIFY 1
#define HAVE___FSETLOCKING 1
#define ICONV_CONST 
#define INTDIV0_RAISES_SIGFPE 1
#define PACKAGE "Yux"
#define PACKAGE_BUGREPORT ""
#define PACKAGE_DATA_DIR "/usr/local/share"
#define PACKAGE_DOC_DIR "/usr/local/doc/Yux"
#define PACKAGE_HELP_DIR "/usr/local/share/help"
#define PACKAGE_LOCALE_DIR "/usr/local/share/locale"
#define PACKAGE_MENU_DIR "/usr/local/share"
#define PACKAGE_NAME ""
#define PACKAGE_PIXMAPS_DIR "/usr/local/share/pixmaps"
#define PACKAGE_SOURCE_DIR "/home/pravin/Projects/Yux"
#define PACKAGE_STRING ""
#define PACKAGE_TARNAME ""
#define PACKAGE_VERSION ""
#define STDC_HEADERS 1
#define VERSION "0.1"
#endif
#ifdef __cplusplus
extern "C" void std::exit (int) throw (); using std::exit;

configure: exit 0
